\BOOKMARK [1][-]{section.1}{引言}{}% 1
\BOOKMARK [1][-]{section.2}{纵览}{}% 2
\BOOKMARK [2][-]{subsection.2.1}{算法原理}{section.2}% 3
\BOOKMARK [2][-]{subsection.2.2}{框架}{section.2}% 4
\BOOKMARK [1][-]{section.3}{初步实现}{}% 5
\BOOKMARK [2][-]{subsection.3.1}{计算交点}{section.3}% 6
\BOOKMARK [3][-]{subsubsection.3.1.1}{球体}{subsection.3.1}% 7
\BOOKMARK [3][-]{subsubsection.3.1.2}{平面}{subsection.3.1}% 8
\BOOKMARK [3][-]{subsubsection.3.1.3}{其他几何体}{subsection.3.1}% 9
\BOOKMARK [2][-]{subsection.3.2}{反射光线}{section.3}% 10
\BOOKMARK [2][-]{subsection.3.3}{折射光线}{section.3}% 11
\BOOKMARK [2][-]{subsection.3.4}{Lambert 明暗模型}{section.3}% 12
\BOOKMARK [2][-]{subsection.3.5}{颜色}{section.3}% 13
\BOOKMARK [3][-]{subsubsection.3.5.1}{光照颜色}{subsection.3.5}% 14
\BOOKMARK [3][-]{subsubsection.3.5.2}{叠加颜色}{subsection.3.5}% 15
\BOOKMARK [3][-]{subsubsection.3.5.3}{颜色衰减}{subsection.3.5}% 16
\BOOKMARK [2][-]{subsection.3.6}{物体属性}{section.3}% 17
\BOOKMARK [3][-]{subsubsection.3.6.1}{反射比例（reflect）}{subsection.3.6}% 18
\BOOKMARK [3][-]{subsubsection.3.6.2}{折射比例（refract）}{subsection.3.6}% 19
\BOOKMARK [2][-]{subsection.3.7}{初步算法演示}{section.3}% 20
\BOOKMARK [1][-]{section.4}{Phong 光照模型}{}% 21
\BOOKMARK [2][-]{subsection.4.1}{原理}{section.4}% 22
\BOOKMARK [2][-]{subsection.4.2}{Phong 模型中的物体属性}{section.4}% 23
\BOOKMARK [3][-]{subsubsection.4.2.1}{漫反射亮度（diffuse）}{subsection.4.2}% 24
\BOOKMARK [3][-]{subsubsection.4.2.2}{反射亮度（specular）}{subsection.4.2}% 25
\BOOKMARK [2][-]{subsection.4.3}{效果对比图}{section.4}% 26
\BOOKMARK [2][-]{subsection.4.4}{参数}{section.4}% 27
\BOOKMARK [1][-]{section.5}{阴影}{}% 28
\BOOKMARK [2][-]{subsection.5.1}{计算方法}{section.5}% 29
\BOOKMARK [2][-]{subsection.5.2}{阴影效果}{section.5}% 30
\BOOKMARK [2][-]{subsection.5.3}{软阴影、抗锯齿和漫反射}{section.5}% 31
\BOOKMARK [3][-]{subsubsection.5.3.1}{采样}{subsection.5.3}% 32
\BOOKMARK [3][-]{subsubsection.5.3.2}{蒙特卡罗算法}{subsection.5.3}% 33
\BOOKMARK [3][-]{subsubsection.5.3.3}{软阴影和漫反射效果}{subsection.5.3}% 34
\BOOKMARK [1][-]{section.6}{镜头}{}% 35
\BOOKMARK [1][-]{section.7}{纹理}{}% 36
\BOOKMARK [2][-]{subsection.7.1}{改进后的光线追踪效果图}{section.7}% 37
\BOOKMARK [1][-]{section.8}{折射}{}% 38
\BOOKMARK [2][-]{subsection.8.1}{折射定律}{section.8}% 39
\BOOKMARK [2][-]{subsection.8.2}{计算折射光线}{section.8}% 40
\BOOKMARK [2][-]{subsection.8.3}{一些问题}{section.8}% 41
\BOOKMARK [2][-]{subsection.8.4}{折射效果演示}{section.8}% 42
\BOOKMARK [1][-]{section.9}{景深}{}% 43
\BOOKMARK [2][-]{subsection.9.1}{叠加方法}{section.9}% 44
\BOOKMARK [2][-]{subsection.9.2}{蒙特卡罗方法}{section.9}% 45
\BOOKMARK [1][-]{section.10}{实时计算}{}% 46
\BOOKMARK [1][-]{section.11}{效率}{}% 47
\BOOKMARK [2][-]{subsection.11.1}{减少不必要的递归计算}{section.11}% 48
\BOOKMARK [2][-]{subsection.11.2}{叠加方法添加概率模型}{section.11}% 49
\BOOKMARK [2][-]{subsection.11.3}{盒包围模型}{section.11}% 50
\BOOKMARK [2][-]{subsection.11.4}{基于硬件的优化}{section.11}% 51
\BOOKMARK [2][-]{subsection.11.5}{并行、分布式算法}{section.11}% 52
\BOOKMARK [1][-]{section.12}{展望}{}% 53
\BOOKMARK [2][-]{subsection.12.1}{光子映射（Photon Mapping）}{section.12}% 54
\BOOKMARK [2][-]{subsection.12.2}{辐射度算法}{section.12}% 55
\BOOKMARK [2][-]{subsection.12.3}{材质}{section.12}% 56
\BOOKMARK [2][-]{subsection.12.4}{动态、自适应以及其他}{section.12}% 57
